Projects/[4] Amazon/SampleLoginWithAmazonApp/build/outputs/logs/manifest-merger-debug-report.txt
-- Merging decision tree log ---
data
INJECTED from src/main/AndroidManifest.xml:27:17-29:44
	android:host
		INJECTED from src/main/AndroidManifest.xml
		ADDED from src/main/AndroidManifest.xml:28:21-52
	android:scheme
		ADDED from src/main/AndroidManifest.xml:29:21-42
manifest
ADDED from src/main/AndroidManifest.xml:2:1-44:12
INJECTED from src/main/AndroidManifest.xml:2:1-44:12
INJECTED from src/main/AndroidManifest.xml:2:1-44:12
MERGED from [com.android.support:appcompat-v7:27.1.1] AndroidManifest.xml:17:1-22:12
MERGED from [com.android.support.constraint:constraint-layout:1.1.2] AndroidManifest.xml:2:1-11:12
MERGED from [com.android.support:support-fragment:27.1.1] AndroidManifest.xml:17:1-22:12
MERGED from [com.android.support:animated-vector-drawable:27.1.1] AndroidManifest.xml:17:1-22:12
MERGED from [com.android.support:support-core-ui:27.1.1] AndroidManifest.xml:17:1-22:12
MERGED from [com.android.support:support-core-utils:27.1.1] AndroidManifest.xml:17:1-22:12
MERGED from [com.android.support:support-vector-drawable:27.1.1] AndroidManifest.xml:17:1-22:12
MERGED from [com.android.support:support-compat:27.1.1] AndroidManifest.xml:17:1-22:12
MERGED from [android.arch.lifecycle:livedata-core:1.1.0] AndroidManifest.xml:17:1-22:12
MERGED from [android.arch.lifecycle:viewmodel:1.1.0] AndroidManifest.xml:17:1-22:12
MERGED from [android.arch.lifecycle:runtime:1.1.0] AndroidManifest.xml:17:1-22:12
MERGED from [android.arch.core:runtime:1.1.0] AndroidManifest.xml:17:1-22:12
INJECTED from src/main/AndroidManifest.xml:2:1-44:12
INJECTED from src/main/AndroidManifest.xml:2:1-44:12
	package
		ADDED from src/main/AndroidManifest.xml:3:11-59
	android:versionName
		ADDED from src/main/AndroidManifest.xml:5:11-38
		INJECTED from src/main/AndroidManifest.xml
		INJECTED from src/main/AndroidManifest.xml
	xmlns:android
		ADDED from src/main/AndroidManifest.xml:2:11-69
	android:versionCode
		ADDED from src/main/AndroidManifest.xml:4:11-42
		INJECTED from src/main/AndroidManifest.xml
		INJECTED from src/main/AndroidManifest.xml
uses-permission#android.permission.INTERNET
ADDED from src/main/AndroidManifest.xml:8:5-66
	android:name
		ADDED from src/main/AndroidManifest.xml:8:22-64
uses-permission#android.permission.ACCESS_NETWORK_STATE
ADDED from src/main/AndroidManifest.xml:9:5-78
	android:name
		ADDED from src/main/AndroidManifest.xml:9:22-76
application
ADDED from src/main/AndroidManifest.xml:11:5-42:19
MERGED from [com.android.support.constraint:constraint-layout:1.1.2] AndroidManifest.xml:9:5-20
MERGED from [com.android.support.constraint:constraint-layout:1.1.2] AndroidManifest.xml:9:5-20
	android:label
		ADDED from src/main/AndroidManifest.xml:14:9-41
	android:icon
		ADDED from src/main/AndroidManifest.xml:13:9-49
	android:allowBackup
		ADDED from src/main/AndroidManifest.xml:12:9-35
	android:theme
		ADDED from src/main/AndroidManifest.xml:15:9-40
activity#com.amazon.identity.auth.device.workflow.WorkflowActivity
ADDED from src/main/AndroidManifest.xml:16:9-31:20
	android:launchMode
		ADDED from src/main/AndroidManifest.xml:19:13-44
	android:allowTaskReparenting
		ADDED from src/main/AndroidManifest.xml:18:13-48
	android:theme
		ADDED from src/main/AndroidManifest.xml:20:13-59
	android:name
		ADDED from src/main/AndroidManifest.xml:17:13-85
intent-filter#action:name:android.intent.action.VIEW+category:name:android.intent.category.BROWSABLE+category:name:android.intent.category.DEFAULT+data:host:com.amazon.identity.auth.device.lwaapp+data:scheme:amzn
ADDED from src/main/AndroidManifest.xml:21:13-30:29
action#android.intent.action.VIEW
ADDED from src/main/AndroidManifest.xml:22:17-68
	android:name
		ADDED from src/main/AndroidManifest.xml:22:25-66
category#android.intent.category.DEFAULT
ADDED from src/main/AndroidManifest.xml:24:17-75
	android:name
		ADDED from src/main/AndroidManifest.xml:24:27-73
category#android.intent.category.BROWSABLE
ADDED from src/main/AndroidManifest.xml:25:17-77
	android:name
		ADDED from src/main/AndroidManifest.xml:25:27-75
activity#com.amazon.identity.auth.device.lwaapp.LoginWithAmazonActivity
ADDED from src/main/AndroidManifest.xml:32:9-41:20
	android:label
		ADDED from src/main/AndroidManifest.xml:35:13-45
	android:configChanges
		ADDED from src/main/AndroidManifest.xml:34:13-72
	android:name
		ADDED from src/main/AndroidManifest.xml:33:13-52
intent-filter#action:name:android.intent.action.MAIN+category:name:android.intent.category.LAUNCHER
ADDED from src/main/AndroidManifest.xml:36:13-40:29
action#android.intent.action.MAIN
ADDED from src/main/AndroidManifest.xml:37:17-68
	android:name
		ADDED from src/main/AndroidManifest.xml:37:25-66
category#android.intent.category.LAUNCHER
ADDED from src/main/AndroidManifest.xml:39:17-76
	android:name
		ADDED from src/main/AndroidManifest.xml:39:27-74
uses-sdk
INJECTED from src/main/AndroidManifest.xml reason: use-sdk injection requested
INJECTED from src/main/AndroidManifest.xml
INJECTED from src/main/AndroidManifest.xml
MERGED from [com.android.support:appcompat-v7:27.1.1] AndroidManifest.xml:20:5-44
MERGED from [com.android.support:appcompat-v7:27.1.1] AndroidManifest.xml:20:5-44
MERGED from [com.android.support.constraint:constraint-layout:1.1.2] AndroidManifest.xml:5:5-7:41
MERGED from [com.android.support.constraint:constraint-layout:1.1.2] AndroidManifest.xml:5:5-7:41
MERGED from [com.android.support:support-fragment:27.1.1] AndroidManifest.xml:20:5-44
MERGED from [com.android.support:support-fragment:27.1.1] AndroidManifest.xml:20:5-44
MERGED from [com.android.support:animated-vector-drawable:27.1.1] AndroidManifest.xml:20:5-44
MERGED from [com.android.support:animated-vector-drawable:27.1.1] AndroidManifest.xml:20:5-44
MERGED from [com.android.support:support-core-ui:27.1.1] AndroidManifest.xml:20:5-44
MERGED from [com.android.support:support-core-ui:27.1.1] AndroidManifest.xml:20:5-44
MERGED from [com.android.support:support-core-utils:27.1.1] AndroidManifest.xml:20:5-44
MERGED from [com.android.support:support-core-utils:27.1.1] AndroidManifest.xml:20:5-44
MERGED from [com.android.support:support-vector-drawable:27.1.1] AndroidManifest.xml:20:5-44
MERGED from [com.android.support:support-vector-drawable:27.1.1] AndroidManifest.xml:20:5-44
MERGED from [com.android.support:support-compat:27.1.1] AndroidManifest.xml:20:5-44
MERGED from [com.android.support:support-compat:27.1.1] AndroidManifest.xml:20:5-44
MERGED from [android.arch.lifecycle:livedata-core:1.1.0] AndroidManifest.xml:20:5-44
MERGED from [android.arch.lifecycle:livedata-core:1.1.0] AndroidManifest.xml:20:5-44
MERGED from [android.arch.lifecycle:viewmodel:1.1.0] AndroidManifest.xml:20:5-44
MERGED from [android.arch.lifecycle:viewmodel:1.1.0] AndroidManifest.xml:20:5-44
MERGED from [android.arch.lifecycle:runtime:1.1.0] AndroidManifest.xml:20:5-44
MERGED from [android.arch.lifecycle:runtime:1.1.0] AndroidManifest.xml:20:5-44
MERGED from [android.arch.core:runtime:1.1.0] AndroidManifest.xml:20:5-44
MERGED from [android.arch.core:runtime:1.1.0] AndroidManifest.xml:20:5-44
INJECTED from src/main/AndroidManifest.xml
INJECTED from src/main/AndroidManifest.xml
	android:targetSdkVersion
		INJECTED from src/main/AndroidManifest.xml
		ADDED from src/main/AndroidManifest.xml
		INJECTED from src/main/AndroidManifest.xml
	android:minSdkVersion
		INJECTED from src/main/AndroidManifest.xml
		ADDED from src/main/AndroidManifest.xml
		INJECTED from src/main/AndroidManifest.xml